<?xml version="1.0" encoding="utf-8"?><testsuites name="pytest tests"><testsuite name="pytest" errors="0" failures="0" skipped="0" tests="17" time="11.725" timestamp="2026-08-31T02:26:19.613154+00:00" hostname="agent-env-33c90d2a-2b64-41c5-9d8d-7c1885f194d2"><testcase classname="tests.test_policies_gst_payment.TestPolicies" name="test_get_all_policies" time="0.486" /><testcase classname="tests.test_policies_gst_payment.TestPolicies" name="test_get_single_policy_enabled" time="0.520" /><testcase classname="tests.test_policies_gst_payment.TestPolicies" name="test_unknown_policy_key_404" time="0.121" /><testcase classname="tests.test_policies_gst_payment.TestGst" name="test_gst_me_fresh_defaults" time="1.476" /><testcase classname="tests.test_policies_gst_payment.TestGst" name="test_gst_me_requires_auth" time="0.127" /><testcase classname="tests.test_policies_gst_payment.TestGst" name="test_verify_malformed_gstin" time="0.117" /><testcase classname="tests.test_policies_gst_payment.TestPolicies" name="test_admin_toggle_and_edit_persists" time="1.624" /><testcase classname="tests.test_policies_gst_payment.TestGst" name="test_verify_bad_checksum_gstin" time="0.309" /><testcase classname="tests.test_policies_gst_payment.TestGst" name="test_verify_valid_gstin_and_persist" time="1.193" /><testcase classname="tests.test_policies_gst_payment.TestPolicies" name="test_policies_require_admin" time="0.525" /><testcase classname="tests.test_policies_gst_payment.TestGst" name="test_verify_lowercase_input_normalised" time="1.037" /><testcase classname="tests.test_policies_gst_payment.TestGst" name="test_verify_requires_auth" time="0.115" /><testcase classname="tests.test_policies_gst_payment.TestCheckoutGst" name="test_checkout_blocked_with_unverified_gstin" time="4.315" /><testcase classname="tests.test_policies_gst_payment.TestCheckoutRazorpay" name="test_razorpay_no_credentials_returns_clear_400" time="4.056" /><testcase classname="tests.test_policies_gst_payment.TestCheckoutRazorpay" name="test_razorpay_bad_settings_credentials_surface_auth_error" time="1.356" /><testcase classname="tests.test_policies_gst_payment.TestCheckoutRazorpay" name="test_razorpay_settings_creds_stored_and_readable" time="0.550" /><testcase classname="tests.test_policies_gst_payment.TestCheckoutGst" name="test_checkout_empty_gstin_cod_succeeds" time="2.695" /></testsuite></testsuites>