<?xml version="1.0" encoding="utf-8"?><testsuites name="pytest tests"><testsuite name="pytest" errors="0" failures="0" skipped="0" tests="51" time="64.556" timestamp="2026-08-25T13:59:03.504133+00:00" hostname="agent-env-33c90d2a-2b64-41c5-9d8d-7c1885f194d2"><testcase classname="tests.backend_test.TestPublic" name="test_root" time="1.271" /><testcase classname="tests.backend_test.TestPublic" name="test_settings" time="19.821" /><testcase classname="tests.backend_test.TestPublic" name="test_categories_tree" time="2.229" /><testcase classname="tests.backend_test.TestPublic" name="test_brands" time="0.154" /><testcase classname="tests.backend_test.TestPublic" name="test_products_list_and_no_mongo_id" time="0.174" /><testcase classname="tests.backend_test.TestPublic" name="test_products_search" time="0.146" /><testcase classname="tests.backend_test.TestPublic" name="test_products_sort_price_low" time="2.178" /><testcase classname="tests.backend_test.TestPublic" name="test_products_filter_category" time="11.358" /><testcase classname="tests.backend_test.TestAdmin" name="test_stats" time="30.649" /><testcase classname="tests.backend_test.TestAdmin" name="test_admin_users" time="2.206" /><testcase classname="tests.backend_test.TestAdmin" name="test_create_product_persists" time="0.717" /><testcase classname="tests.backend_test.TestAdmin" name="test_create_category_with_promo_and_subcat" time="0.493" /><testcase classname="tests.backend_test.TestAdmin" name="test_create_brand" time="0.313" /><testcase classname="tests.backend_test.TestAdmin" name="test_settings_update_and_restore" time="0.599" /><testcase classname="tests.backend_test.TestAdmin" name="test_order_status_update" time="11.885" /><testcase classname="tests.backend_test.TestPublic" name="test_product_detail_tiers" time="0.137" /><testcase classname="tests.backend_test.TestPublic" name="test_product_404" time="11.390" /><testcase classname="tests.backend_test.TestAdmin" name="test_ship_order_does_not_500" time="2.015" /><testcase classname="tests.backend_test.TestSecurity" name="test_create_product_unauth" time="0.111" /><testcase classname="tests.backend_test.TestAdmin" name="test_vendor_approve_flow" time="0.793" /><testcase classname="tests.backend_test.TestSecurity" name="test_cart_unauth" time="0.184" /><testcase classname="tests.backend_test.TestSecurity" name="test_settings_update_forbidden_for_buyer" time="0.580" /><testcase classname="tests.backend_test.TestAdmin" name="test_zz_cleanup" time="0.701" /><testcase classname="tests.backend_test.TestSecurity" name="test_admin_stats_forbidden_for_buyer" time="0.138" /><testcase classname="tests.backend_test.TestSecurity" name="test_buyer_cannot_create_product" time="0.123" /><testcase classname="tests.backend_test.TestSecurity" name="test_vendors_me_requires_vendor" time="0.175" /><testcase classname="tests.backend_test.TestSecurity" name="test_invalid_token" time="0.161" /><testcase classname="tests.backend_test.TestCart" name="test_moq_enforced" time="0.154" /><testcase classname="tests.backend_test.TestAuth" name="test_login_roles" time="1.254" /><testcase classname="tests.backend_test.TestCart" name="test_add_and_tier_price" time="0.417" /><testcase classname="tests.backend_test.TestCart" name="test_tier_price_upgrade_at_25" time="0.264" /><testcase classname="tests.backend_test.TestCart" name="test_remove_item" time="0.448" /><testcase classname="tests.backend_test.TestCart" name="test_add_nonexistent_product" time="0.155" /><testcase classname="tests.backend_test.TestAuth" name="test_login_bad_password" time="0.398" /><testcase classname="tests.backend_test.TestCart" name="test_coupon_apply" time="0.967" /><testcase classname="tests.backend_test.TestAuth" name="test_me" time="0.579" /><testcase classname="tests.backend_test.TestAuth" name="test_me_unauth" time="0.181" /><testcase classname="tests.backend_test.TestAuth" name="test_register_customer" time="2.570" /><testcase classname="tests.backend_test.TestCheckout" name="test_checkout_empty_cart" time="2.140" /><testcase classname="tests.backend_test.TestCheckout" name="test_cod_checkout_server_recompute" time="1.839" /><testcase classname="tests.backend_test.TestAuth" name="test_register_short_password_validation" time="0.156" /><testcase classname="tests.backend_test.TestRFQ" name="test_create_and_list_rfq" time="0.310" /><testcase classname="tests.backend_test.TestRFQ" name="test_vendor_sees_open_rfq_and_quotes" time="0.985" /><testcase classname="tests.backend_test.TestCheckout" name="test_two_orders_same_second_orderno_collision" time="2.981" /><testcase classname="tests.backend_test.TestRFQ" name="test_rfq_unauth" time="0.363" /><testcase classname="tests.backend_test.TestVendor" name="test_vendor_me" time="0.176" /><testcase classname="tests.backend_test.TestVendor" name="test_vendor_product_scoped" time="0.456" /><testcase classname="tests.backend_test.TestVendor" name="test_vendor_orders_scoped" time="0.397" /><testcase classname="tests.backend_test.TestCheckout" name="test_razorpay_order_creation" time="3.023" /><testcase classname="tests.backend_test.TestCheckout" name="test_verify_payment_bad_signature" time="0.164" /><testcase classname="tests.backend_test.TestCheckout" name="test_buyer_cannot_read_other_order" time="0.938" /></testsuite></testsuites>