<?xml version="1.0" encoding="utf-8"?><testsuites name="pytest tests"><testsuite name="pytest" errors="0" failures="1" skipped="0" tests="68" time="96.063" timestamp="2026-08-31T02:21:54.601150+00:00" hostname="agent-env-33c90d2a-2b64-41c5-9d8d-7c1885f194d2"><testcase classname="tests.backend_test.TestPublic" name="test_root" time="0.216" /><testcase classname="tests.backend_test.TestPublic" name="test_settings" time="0.126" /><testcase classname="tests.backend_test.TestPublic" name="test_categories_tree" time="0.188" /><testcase classname="tests.backend_test.TestPublic" name="test_brands" time="0.104" /><testcase classname="tests.backend_test.TestPublic" name="test_products_list_and_no_mongo_id" time="0.131" /><testcase classname="tests.backend_test.TestPublic" name="test_products_search" time="0.135" /><testcase classname="tests.backend_test.TestPublic" name="test_products_sort_price_low" time="0.165" /><testcase classname="tests.backend_test.TestPublic" name="test_products_filter_category" time="0.153" /><testcase classname="tests.backend_test.TestPublic" name="test_product_detail_tiers" time="0.135" /><testcase classname="tests.backend_test.TestPublic" name="test_product_404" time="0.149" /><testcase classname="tests.backend_test.TestAuth" name="test_login_roles" time="1.127" /><testcase classname="tests.backend_test.TestAuth" name="test_login_bad_password" time="0.334" /><testcase classname="tests.backend_test.TestAuth" name="test_me" time="0.483" /><testcase classname="tests.backend_test.TestAuth" name="test_me_unauth" time="0.143" /><testcase classname="tests.backend_test.TestAuth" name="test_register_customer" time="1.653" /><testcase classname="tests.backend_test.TestAuth" name="test_register_short_password_validation" time="0.114" /><testcase classname="tests.backend_test.TestSecurity" name="test_create_product_unauth" time="0.118" /><testcase classname="tests.backend_test.TestSecurity" name="test_cart_unauth" time="0.101" /><testcase classname="tests.backend_test.TestSecurity" name="test_settings_update_forbidden_for_buyer" time="0.131" /><testcase classname="tests.backend_test.TestSecurity" name="test_admin_stats_forbidden_for_buyer" time="0.106" /><testcase classname="tests.backend_test.TestSecurity" name="test_buyer_cannot_create_product" time="0.101" /><testcase classname="tests.backend_test.TestSecurity" name="test_vendors_me_requires_vendor" time="0.126" /><testcase classname="tests.backend_test.TestSecurity" name="test_invalid_token" time="0.105" /><testcase classname="tests.backend_test.TestCart" name="test_moq_enforced" time="0.124" /><testcase classname="tests.backend_test.TestCart" name="test_add_and_tier_price" time="0.239" /><testcase classname="tests.backend_test.TestCart" name="test_tier_price_upgrade_at_25" time="0.133" /><testcase classname="tests.backend_test.TestCart" name="test_remove_item" time="0.239" /><testcase classname="tests.backend_test.TestCart" name="test_add_nonexistent_product" time="0.125" /><testcase classname="tests.backend_test.TestCart" name="test_coupon_apply" time="0.613" /><testcase classname="tests.backend_test.TestCheckout" name="test_checkout_empty_cart" time="1.349" /><testcase classname="tests.backend_test.TestCheckout" name="test_cod_checkout_server_recompute" time="1.537" /><testcase classname="tests.backend_test.TestCheckout" name="test_two_orders_same_second_orderno_collision" time="2.358" /><testcase classname="tests.backend_test.TestCheckout" name="test_razorpay_order_creation" time="2.415" /><testcase classname="tests.backend_test.TestCheckout" name="test_verify_payment_bad_signature" time="0.160" /><testcase classname="tests.backend_test.TestCheckout" name="test_buyer_cannot_read_other_order" time="0.695" /><testcase classname="tests.backend_test.TestRFQ" name="test_create_and_list_rfq" time="0.247" /><testcase classname="tests.backend_test.TestRFQ" name="test_vendor_sees_open_rfq_and_quotes" time="0.819" /><testcase classname="tests.backend_test.TestRFQ" name="test_rfq_unauth" time="0.108" /><testcase classname="tests.backend_test.TestAdmin" name="test_stats" time="0.143" /><testcase classname="tests.backend_test.TestAdmin" name="test_admin_users" time="0.127" /><testcase classname="tests.backend_test.TestAdmin" name="test_create_product_persists" time="0.505" /><testcase classname="tests.backend_test.TestAdmin" name="test_create_category_with_promo_and_subcat" time="0.334" /><testcase classname="tests.backend_test.TestAdmin" name="test_create_brand" time="0.310" /><testcase classname="tests.backend_test.TestAdmin" name="test_settings_update_and_restore" time="0.488" /><testcase classname="tests.backend_test.TestAdmin" name="test_order_status_update" time="0.508" /><testcase classname="tests.backend_test.TestAdmin" name="test_ship_order_does_not_500" time="1.138" /><testcase classname="tests.backend_test.TestAdmin" name="test_vendor_approve_flow" time="0.581" /><testcase classname="tests.backend_test.TestAdmin" name="test_zz_cleanup" time="0.562" /><testcase classname="tests.backend_test.TestVendor" name="test_vendor_me" time="0.121" /><testcase classname="tests.backend_test.TestVendor" name="test_vendor_product_scoped" time="0.275" /><testcase classname="tests.backend_test.TestVendor" name="test_vendor_orders_scoped" time="0.270" /><testcase classname="tests.test_policies_gst_payment.TestPolicies" name="test_get_all_policies" time="0.113" /><testcase classname="tests.test_policies_gst_payment.TestPolicies" name="test_get_single_policy_enabled" time="0.469" /><testcase classname="tests.test_policies_gst_payment.TestPolicies" name="test_unknown_policy_key_404" time="0.111" /><testcase classname="tests.test_policies_gst_payment.TestPolicies" name="test_admin_toggle_and_edit_persists" time="1.304" /><testcase classname="tests.test_policies_gst_payment.TestPolicies" name="test_policies_require_admin" time="30.577" /><testcase classname="tests.test_policies_gst_payment.TestGst" name="test_gst_me_fresh_defaults" time="1.826" /><testcase classname="tests.test_policies_gst_payment.TestGst" name="test_gst_me_requires_auth" time="0.158" /><testcase classname="tests.test_policies_gst_payment.TestGst" name="test_verify_malformed_gstin" time="0.156" /><testcase classname="tests.test_policies_gst_payment.TestGst" name="test_verify_bad_checksum_gstin" time="19.841" /><testcase classname="tests.test_policies_gst_payment.TestGst" name="test_verify_valid_gstin_and_persist" time="1.139" /><testcase classname="tests.test_policies_gst_payment.TestGst" name="test_verify_lowercase_input_normalised" time="0.918" /><testcase classname="tests.test_policies_gst_payment.TestGst" name="test_verify_requires_auth" time="0.123" /><testcase classname="tests.test_policies_gst_payment.TestCheckoutGst" name="test_checkout_blocked_with_unverified_gstin" time="4.641" /><testcase classname="tests.test_policies_gst_payment.TestCheckoutGst" name="test_checkout_empty_gstin_cod_succeeds" time="2.601" /><testcase classname="tests.test_policies_gst_payment.TestCheckoutRazorpay" name="test_razorpay_no_credentials_returns_clear_400" time="3.471" /><testcase classname="tests.test_policies_gst_payment.TestCheckoutRazorpay" name="test_razorpay_bad_settings_credentials_surface_auth_error" time="1.325"><failure message="AssertionError: checkout returned 502 whose body was replaced by the proxy with an HTML error page — user never sees the Razorpay message. Use HTTP 400 instead of 502.&#10;assert 'text/html' not in 'text/html; charset=UTF-8'&#10;  &#10;  'text/html' is contained here:&#10;    text/html; charset=UTF-8&#10;  ? +++++++++">E   AssertionError: checkout returned 502 whose body was replaced by the proxy with an HTML error page — user never sees the Razorpay message. Use HTTP 400 instead of 502.
    assert 'text/html' not in 'text/html; charset=UTF-8'
      
      'text/html' is contained here:
        text/html; charset=UTF-8
      ? +++++++++</failure></testcase><testcase classname="tests.test_policies_gst_payment.TestCheckoutRazorpay" name="test_razorpay_settings_creds_stored_and_readable" time="4.536" /></testsuite></testsuites>